<?xml version="1.0" encoding="UTF-8"?>
<testng-results skipped="0" failed="0" ignored="0" total="2" passed="2">
  <reporter-output>
  </reporter-output>
  <suite name="Suite" duration-ms="33391" started-at="2017-11-23T09:34:34Z" finished-at="2017-11-23T09:35:07Z">
    <groups>
    </groups>
    <test name="Test" duration-ms="33391" started-at="2017-11-23T09:34:34Z" finished-at="2017-11-23T09:35:07Z">
      <class name="driverscript.DriverClass">
        <test-method status="PASS" signature="preRequisite()[pri:0, instance:driverscript.DriverClass@6093dd95]" name="preRequisite" is-config="true" duration-ms="794" started-at="2017-11-23T15:04:34Z" finished-at="2017-11-23T15:04:34Z">
          <reporter-output>
          </reporter-output>
        </test-method> <!-- preRequisite -->
        <test-method status="PASS" signature="TC1()[pri:1, instance:driverscript.DriverClass@6093dd95]" name="TC1" duration-ms="23961" started-at="2017-11-23T15:04:34Z" finished-at="2017-11-23T15:04:58Z">
          <reporter-output>
          </reporter-output>
        </test-method> <!-- TC1 -->
        <test-method status="PASS" signature="preRequisite()[pri:0, instance:driverscript.DriverClass@6093dd95]" name="preRequisite" is-config="true" duration-ms="99" started-at="2017-11-23T15:04:58Z" finished-at="2017-11-23T15:04:58Z">
          <reporter-output>
          </reporter-output>
        </test-method> <!-- preRequisite -->
        <test-method status="PASS" signature="TC2()[pri:2, instance:driverscript.DriverClass@6093dd95]" name="TC2" duration-ms="8484" started-at="2017-11-23T15:04:58Z" finished-at="2017-11-23T15:05:07Z">
          <reporter-output>
          </reporter-output>
        </test-method> <!-- TC2 -->
      </class> <!-- driverscript.DriverClass -->
    </test> <!-- Test -->
  </suite> <!-- Suite -->
</testng-results>
